# JRE version: Java(TM) SE Runtime Environment (8.0_291-b10) (build 1.8.0_291-b10)
# Java VM: Java HotSpot(TM) 64-Bit Server VM (25.291-b10 mixed mode windows-amd64 compressed oops)
Heap:
 PSYoungGen      total 76288K, used 29734K [0x00000000f5580000, 0x00000000faa80000, 0x0000000100000000)
  eden space 65536K, 37% used [0x00000000f5580000,0x00000000f6d8e4c8,0x00000000f9580000)
  from space 10752K, 47% used [0x00000000f9580000,0x00000000f9a7b580,0x00000000fa000000)
  to   space 10752K, 0% used [0x00000000fa000000,0x00000000fa000000,0x00000000faa80000)
 ParOldGen       total 175104K, used 10055K [0x00000000e0000000, 0x00000000eab00000, 0x00000000f5580000)
  object space 175104K, 5% used [0x00000000e0000000,0x00000000e09d1dd8,0x00000000eab00000)
 Metaspace       used 26672K, capacity 27818K, committed 28160K, reserved 1073152K
  class space    used 3959K, capacity 4229K, committed 4352K, reserved 1048576K
GC Heap History (10 events):
Event: 1.916 GC heap before
{Heap before GC invocations=2 (full 0):
 PSYoungGen      total 76288K, used 71882K [0x00000000f5580000, 0x00000000faa80000, 0x0000000100000000)
  eden space 65536K, 100% used [0x00000000f5580000,0x00000000f9580000,0x00000000f9580000)
  from space 10752K, 59% used [0x00000000f9580000,0x00000000f9bb2930,0x00000000fa000000)
  to   space 10752K, 0% used [0x00000000fa000000,0x00000000fa000000,0x00000000faa80000)
 ParOldGen       total 175104K, used 16K [0x00000000e0000000, 0x00000000eab00000, 0x00000000f5580000)
  object space 175104K, 0% used [0x00000000e0000000,0x00000000e0004000,0x00000000eab00000)
 Metaspace       used 13253K, capacity 13752K, committed 14080K, reserved 1060864K
  class space    used 1810K, capacity 1930K, committed 2048K, reserved 1048576K
Event: 1.924 GC heap after
Heap after GC invocations=2 (full 0):
 PSYoungGen      total 76288K, used 8968K [0x00000000f5580000, 0x00000000faa80000, 0x0000000100000000)
  eden space 65536K, 0% used [0x00000000f5580000,0x00000000f5580000,0x00000000f9580000)
  from space 10752K, 83% used [0x00000000fa000000,0x00000000fa8c22f0,0x00000000faa80000)
  to   space 10752K, 0% used [0x00000000f9580000,0x00000000f9580000,0x00000000fa000000)
 ParOldGen       total 175104K, used 24K [0x00000000e0000000, 0x00000000eab00000, 0x00000000f5580000)
  object space 175104K, 0% used [0x00000000e0000000,0x00000000e0006000,0x00000000eab00000)
 Metaspace       used 13253K, capacity 13752K, committed 14080K, reserved 1060864K
  class space    used 1810K, capacity 1930K, committed 2048K, reserved 1048576K
}
Event: 2.346 GC heap before
{Heap before GC invocations=3 (full 0):
 PSYoungGen      total 76288K, used 74504K [0x00000000f5580000, 0x00000000faa80000, 0x0000000100000000)
  eden space 65536K, 100% used [0x00000000f5580000,0x00000000f9580000,0x00000000f9580000)
  from space 10752K, 83% used [0x00000000fa000000,0x00000000fa8c22f0,0x00000000faa80000)
  to   space 10752K, 0% used [0x00000000f9580000,0x00000000f9580000,0x00000000fa000000)
 ParOldGen       total 175104K, used 24K [0x00000000e0000000, 0x00000000eab00000, 0x00000000f5580000)
  object space 175104K, 0% used [0x00000000e0000000,0x00000000e0006000,0x00000000eab00000)
 Metaspace       used 17863K, capacity 18520K, committed 18688K, reserved 1064960K
  class space    used 2565K, capacity 2760K, committed 2816K, reserved 1048576K
Event: 2.353 GC heap after
Heap after GC invocations=3 (full 0):
 PSYoungGen      total 76288K, used 10740K [0x00000000f5580000, 0x00000000faa80000, 0x0000000100000000)
  eden space 65536K, 0% used [0x00000000f5580000,0x00000000f5580000,0x00000000f9580000)
  from space 10752K, 99% used [0x00000000f9580000,0x00000000f9ffd320,0x00000000fa000000)
  to   space 10752K, 0% used [0x00000000fa000000,0x00000000fa000000,0x00000000faa80000)
 ParOldGen       total 175104K, used 461K [0x00000000e0000000, 0x00000000eab00000, 0x00000000f5580000)
  object space 175104K, 0% used [0x00000000e0000000,0x00000000e0073428,0x00000000eab00000)
 Metaspace       used 17863K, capacity 18520K, committed 18688K, reserved 1064960K
  class space    used 2565K, capacity 2760K, committed 2816K, reserved 1048576K
}
Event: 2.584 GC heap before
{Heap before GC invocations=4 (full 0):
 PSYoungGen      total 76288K, used 50717K [0x00000000f5580000, 0x00000000faa80000, 0x0000000100000000)
  eden space 65536K, 60% used [0x00000000f5580000,0x00000000f7c8a258,0x00000000f9580000)
  from space 10752K, 99% used [0x00000000f9580000,0x00000000f9ffd320,0x00000000fa000000)
  to   space 10752K, 0% used [0x00000000fa000000,0x00000000fa000000,0x00000000faa80000)
 ParOldGen       total 175104K, used 461K [0x00000000e0000000, 0x00000000eab00000, 0x00000000f5580000)
  object space 175104K, 0% used [0x00000000e0000000,0x00000000e0073428,0x00000000eab00000)
 Metaspace       used 20564K, capacity 21240K, committed 21296K, reserved 1067008K
  class space    used 2975K, capacity 3144K, committed 3200K, reserved 1048576K
Event: 2.590 GC heap after
Heap after GC invocations=4 (full 0):
 PSYoungGen      total 76288K, used 10315K [0x00000000f5580000, 0x00000000faa80000, 0x0000000100000000)
  eden space 65536K, 0% used [0x00000000f5580000,0x00000000f5580000,0x00000000f9580000)
  from space 10752K, 95% used [0x00000000fa000000,0x00000000faa12fe0,0x00000000faa80000)
  to   space 10752K, 0% used [0x00000000f9580000,0x00000000f9580000,0x00000000fa000000)
 ParOldGen       total 175104K, used 469K [0x00000000e0000000, 0x00000000eab00000, 0x00000000f5580000)
  object space 175104K, 0% used [0x00000000e0000000,0x00000000e0075428,0x00000000eab00000)
 Metaspace       used 20564K, capacity 21240K, committed 21296K, reserved 1067008K
  class space    used 2975K, capacity 3144K, committed 3200K, reserved 1048576K
}
Event: 2.590 GC heap before
{Heap before GC invocations=5 (full 1):
 PSYoungGen      total 76288K, used 10315K [0x00000000f5580000, 0x00000000faa80000, 0x0000000100000000)
  eden space 65536K, 0% used [0x00000000f5580000,0x00000000f5580000,0x00000000f9580000)
  from space 10752K, 95% used [0x00000000fa000000,0x00000000faa12fe0,0x00000000faa80000)
  to   space 10752K, 0% used [0x00000000f9580000,0x00000000f9580000,0x00000000fa000000)
 ParOldGen       total 175104K, used 469K [0x00000000e0000000, 0x00000000eab00000, 0x00000000f5580000)
  object space 175104K, 0% used [0x00000000e0000000,0x00000000e0075428,0x00000000eab00000)
 Metaspace       used 20564K, capacity 21240K, committed 21296K, reserved 1067008K
  class space    used 2975K, capacity 3144K, committed 3200K, reserved 1048576K
Event: 2.612 GC heap after
Heap after GC invocations=5 (full 1):
 PSYoungGen      total 76288K, used 0K [0x00000000f5580000, 0x00000000faa80000, 0x0000000100000000)
  eden space 65536K, 0% used [0x00000000f5580000,0x00000000f5580000,0x00000000f9580000)
  from space 10752K, 0% used [0x00000000fa000000,0x00000000fa000000,0x00000000faa80000)
  to   space 10752K, 0% used [0x00000000f9580000,0x00000000f9580000,0x00000000fa000000)
 ParOldGen       total 175104K, used 10047K [0x00000000e0000000, 0x00000000eab00000, 0x00000000f5580000)
  object space 175104K, 5% used [0x00000000e0000000,0x00000000e09cfdd8,0x00000000eab00000)
 Metaspace       used 20564K, capacity 21240K, committed 21296K, reserved 1067008K
  class space    used 2975K, capacity 3144K, committed 3200K, reserved 1048576K
}
Event: 3.002 GC heap before
{Heap before GC invocations=6 (full 1):
 PSYoungGen      total 76288K, used 65536K [0x00000000f5580000, 0x00000000faa80000, 0x0000000100000000)
  eden space 65536K, 100% used [0x00000000f5580000,0x00000000f9580000,0x00000000f9580000)
  from space 10752K, 0% used [0x00000000fa000000,0x00000000fa000000,0x00000000faa80000)
  to   space 10752K, 0% used [0x00000000f9580000,0x00000000f9580000,0x00000000fa000000)
 ParOldGen       total 175104K, used 10047K [0x00000000e0000000, 0x00000000eab00000, 0x00000000f5580000)
  object space 175104K, 5% used [0x00000000e0000000,0x00000000e09cfdd8,0x00000000eab00000)
 Metaspace       used 24589K, capacity 25690K, committed 25984K, reserved 1071104K
  class space    used 3620K, capacity 3873K, committed 3968K, reserved 1048576K
Event: 3.005 GC heap after
Heap after GC invocations=6 (full 1):
 PSYoungGen      total 76288K, used 5101K [0x00000000f5580000, 0x00000000faa80000, 0x0000000100000000)
  eden space 65536K, 0% used [0x00000000f5580000,0x00000000f5580000,0x00000000f9580000)
  from space 10752K, 47% used [0x00000000f9580000,0x00000000f9a7b580,0x00000000fa000000)
  to   space 10752K, 0% used [0x00000000fa000000,0x00000000fa000000,0x00000000faa80000)
 ParOldGen       total 175104K, used 10055K [0x00000000e0000000, 0x00000000eab00000, 0x00000000f5580000)
  object space 175104K, 5% used [0x00000000e0000000,0x00000000e09d1dd8,0x00000000eab00000)
 Metaspace       used 24589K, capacity 25690K, committed 25984K, reserved 1071104K
  class space    used 3620K, capacity 3873K, committed 3968K, reserved 1048576K
}

