# JRE version: Java(TM) SE Runtime Environment (8.0_291-b10) (build 1.8.0_291-b10)
# Java VM: Java HotSpot(TM) 64-Bit Server VM (25.291-b10 mixed mode windows-amd64 compressed oops)
Heap:
 PSYoungGen      total 163840K, used 93469K [0x00000000f5580000, 0x0000000100000000, 0x0000000100000000)
  eden space 153088K, 54% used [0x00000000f5580000,0x00000000fa64e4a8,0x00000000feb00000)
  from space 10752K, 99% used [0x00000000feb00000,0x00000000ff5792a0,0x00000000ff580000)
  to   space 10752K, 0% used [0x00000000ff580000,0x00000000ff580000,0x0000000100000000)
 ParOldGen       total 105472K, used 19149K [0x00000000e0000000, 0x00000000e6700000, 0x00000000f5580000)
  object space 105472K, 18% used [0x00000000e0000000,0x00000000e12b3778,0x00000000e6700000)
 Metaspace       used 52427K, capacity 55944K, committed 56152K, reserved 1097728K
  class space    used 7445K, capacity 8055K, committed 8064K, reserved 1048576K
GC Heap History (10 events):
Event: 1.667 GC heap before
{Heap before GC invocations=5 (full 1):
 PSYoungGen      total 73728K, used 63488K [0x00000000f5580000, 0x00000000fe580000, 0x0000000100000000)
  eden space 63488K, 100% used [0x00000000f5580000,0x00000000f9380000,0x00000000f9380000)
  from space 10240K, 0% used [0x00000000f9380000,0x00000000f9380000,0x00000000f9d80000)
  to   space 10240K, 0% used [0x00000000fdb80000,0x00000000fdb80000,0x00000000fe580000)
 ParOldGen       total 75264K, used 5508K [0x00000000e0000000, 0x00000000e4980000, 0x00000000f5580000)
  object space 75264K, 7% used [0x00000000e0000000,0x00000000e05610b8,0x00000000e4980000)
 Metaspace       used 24784K, capacity 26578K, committed 26752K, reserved 1073152K
  class space    used 3335K, capacity 3695K, committed 3712K, reserved 1048576K
Event: 1.672 GC heap after
Heap after GC invocations=5 (full 1):
 PSYoungGen      total 126976K, used 7077K [0x00000000f5580000, 0x00000000fe280000, 0x0000000100000000)
  eden space 119808K, 0% used [0x00000000f5580000,0x00000000f5580000,0x00000000fca80000)
  from space 7168K, 98% used [0x00000000fdb80000,0x00000000fe269708,0x00000000fe280000)
  to   space 10240K, 0% used [0x00000000fce80000,0x00000000fce80000,0x00000000fd880000)
 ParOldGen       total 75264K, used 5508K [0x00000000e0000000, 0x00000000e4980000, 0x00000000f5580000)
  object space 75264K, 7% used [0x00000000e0000000,0x00000000e05610b8,0x00000000e4980000)
 Metaspace       used 24784K, capacity 26578K, committed 26752K, reserved 1073152K
  class space    used 3335K, capacity 3695K, committed 3712K, reserved 1048576K
}
Event: 2.274 GC heap before
{Heap before GC invocations=6 (full 1):
 PSYoungGen      total 126976K, used 126885K [0x00000000f5580000, 0x00000000fe280000, 0x0000000100000000)
  eden space 119808K, 100% used [0x00000000f5580000,0x00000000fca80000,0x00000000fca80000)
  from space 7168K, 98% used [0x00000000fdb80000,0x00000000fe269708,0x00000000fe280000)
  to   space 10240K, 0% used [0x00000000fce80000,0x00000000fce80000,0x00000000fd880000)
 ParOldGen       total 75264K, used 5508K [0x00000000e0000000, 0x00000000e4980000, 0x00000000f5580000)
  object space 75264K, 7% used [0x00000000e0000000,0x00000000e05610b8,0x00000000e4980000)
 Metaspace       used 29428K, capacity 31596K, committed 31872K, reserved 1077248K
  class space    used 3956K, capacity 4354K, committed 4480K, reserved 1048576K
Event: 2.280 GC heap after
Heap after GC invocations=6 (full 1):
 PSYoungGen      total 134144K, used 9008K [0x00000000f5580000, 0x0000000100000000, 0x0000000100000000)
  eden space 123904K, 0% used [0x00000000f5580000,0x00000000f5580000,0x00000000fce80000)
  from space 10240K, 87% used [0x00000000fce80000,0x00000000fd74c088,0x00000000fd880000)
  to   space 10752K, 0% used [0x00000000ff580000,0x00000000ff580000,0x0000000100000000)
 ParOldGen       total 75264K, used 5516K [0x00000000e0000000, 0x00000000e4980000, 0x00000000f5580000)
  object space 75264K, 7% used [0x00000000e0000000,0x00000000e05630b8,0x00000000e4980000)
 Metaspace       used 29428K, capacity 31596K, committed 31872K, reserved 1077248K
  class space    used 3956K, capacity 4354K, committed 4480K, reserved 1048576K
}
Event: 2.659 GC heap before
{Heap before GC invocations=7 (full 1):
 PSYoungGen      total 134144K, used 74092K [0x00000000f5580000, 0x0000000100000000, 0x0000000100000000)
  eden space 123904K, 52% used [0x00000000f5580000,0x00000000f950f018,0x00000000fce80000)
  from space 10240K, 87% used [0x00000000fce80000,0x00000000fd74c088,0x00000000fd880000)
  to   space 10752K, 0% used [0x00000000ff580000,0x00000000ff580000,0x0000000100000000)
 ParOldGen       total 75264K, used 5516K [0x00000000e0000000, 0x00000000e4980000, 0x00000000f5580000)
  object space 75264K, 7% used [0x00000000e0000000,0x00000000e05630b8,0x00000000e4980000)
 Metaspace       used 32863K, capacity 35292K, committed 35416K, reserved 1079296K
  class space    used 4471K, capacity 4906K, committed 4992K, reserved 1048576K
Event: 2.664 GC heap after
Heap after GC invocations=7 (full 1):
 PSYoungGen      total 163840K, used 8463K [0x00000000f5580000, 0x0000000100000000, 0x0000000100000000)
  eden space 153088K, 0% used [0x00000000f5580000,0x00000000f5580000,0x00000000feb00000)
  from space 10752K, 78% used [0x00000000ff580000,0x00000000ffdc3f98,0x0000000100000000)
  to   space 10752K, 0% used [0x00000000feb00000,0x00000000feb00000,0x00000000ff580000)
 ParOldGen       total 75264K, used 5524K [0x00000000e0000000, 0x00000000e4980000, 0x00000000f5580000)
  object space 75264K, 7% used [0x00000000e0000000,0x00000000e05650b8,0x00000000e4980000)
 Metaspace       used 32863K, capacity 35292K, committed 35416K, reserved 1079296K
  class space    used 4471K, capacity 4906K, committed 4992K, reserved 1048576K
}
Event: 2.665 GC heap before
{Heap before GC invocations=8 (full 2):
 PSYoungGen      total 163840K, used 8463K [0x00000000f5580000, 0x0000000100000000, 0x0000000100000000)
  eden space 153088K, 0% used [0x00000000f5580000,0x00000000f5580000,0x00000000feb00000)
  from space 10752K, 78% used [0x00000000ff580000,0x00000000ffdc3f98,0x0000000100000000)
  to   space 10752K, 0% used [0x00000000feb00000,0x00000000feb00000,0x00000000ff580000)
 ParOldGen       total 75264K, used 5524K [0x00000000e0000000, 0x00000000e4980000, 0x00000000f5580000)
  object space 75264K, 7% used [0x00000000e0000000,0x00000000e05650b8,0x00000000e4980000)
 Metaspace       used 32863K, capacity 35292K, committed 35416K, reserved 1079296K
  class space    used 4471K, capacity 4906K, committed 4992K, reserved 1048576K
Event: 2.711 GC heap after
Heap after GC invocations=8 (full 2):
 PSYoungGen      total 163840K, used 0K [0x00000000f5580000, 0x0000000100000000, 0x0000000100000000)
  eden space 153088K, 0% used [0x00000000f5580000,0x00000000f5580000,0x00000000feb00000)
  from space 10752K, 0% used [0x00000000ff580000,0x00000000ff580000,0x0000000100000000)
  to   space 10752K, 0% used [0x00000000feb00000,0x00000000feb00000,0x00000000ff580000)
 ParOldGen       total 105472K, used 13333K [0x00000000e0000000, 0x00000000e6700000, 0x00000000f5580000)
  object space 105472K, 12% used [0x00000000e0000000,0x00000000e0d05688,0x00000000e6700000)
 Metaspace       used 32863K, capacity 35292K, committed 35416K, reserved 1079296K
  class space    used 4471K, capacity 4906K, committed 4992K, reserved 1048576K
}
Event: 3.792 GC heap before
{Heap before GC invocations=9 (full 2):
 PSYoungGen      total 163840K, used 153088K [0x00000000f5580000, 0x0000000100000000, 0x0000000100000000)
  eden space 153088K, 100% used [0x00000000f5580000,0x00000000feb00000,0x00000000feb00000)
  from space 10752K, 0% used [0x00000000ff580000,0x00000000ff580000,0x0000000100000000)
  to   space 10752K, 0% used [0x00000000feb00000,0x00000000feb00000,0x00000000ff580000)
 ParOldGen       total 105472K, used 13333K [0x00000000e0000000, 0x00000000e6700000, 0x00000000f5580000)
  object space 105472K, 12% used [0x00000000e0000000,0x00000000e0d05688,0x00000000e6700000)
 Metaspace       used 47968K, capacity 50822K, committed 51160K, reserved 1093632K
  class space    used 6834K, capacity 7332K, committed 7424K, reserved 1048576K
Event: 3.803 GC heap after
Heap after GC invocations=9 (full 2):
 PSYoungGen      total 163840K, used 10724K [0x00000000f5580000, 0x0000000100000000, 0x0000000100000000)
  eden space 153088K, 0% used [0x00000000f5580000,0x00000000f5580000,0x00000000feb00000)
  from space 10752K, 99% used [0x00000000feb00000,0x00000000ff5792a0,0x00000000ff580000)
  to   space 10752K, 0% used [0x00000000ff580000,0x00000000ff580000,0x0000000100000000)
 ParOldGen       total 105472K, used 19149K [0x00000000e0000000, 0x00000000e6700000, 0x00000000f5580000)
  object space 105472K, 18% used [0x00000000e0000000,0x00000000e12b3778,0x00000000e6700000)
 Metaspace       used 47968K, capacity 50822K, committed 51160K, reserved 1093632K
  class space    used 6834K, capacity 7332K, committed 7424K, reserved 1048576K
}

