# JRE version: Java(TM) SE Runtime Environment (8.0_291-b10) (build 1.8.0_291-b10)
# Java VM: Java HotSpot(TM) 64-Bit Server VM (25.291-b10 mixed mode windows-amd64 compressed oops)
Heap:
 PSYoungGen      total 158208K, used 10830K [0x00000000f5580000, 0x0000000100000000, 0x0000000100000000)
  eden space 141824K, 0% used [0x00000000f5580000,0x00000000f5580000,0x00000000fe000000)
  from space 16384K, 66% used [0x00000000fe000000,0x00000000fea938a0,0x00000000ff000000)
  to   space 16384K, 0% used [0x00000000ff000000,0x00000000ff000000,0x0000000100000000)
 ParOldGen       total 108032K, used 23556K [0x00000000e0000000, 0x00000000e6980000, 0x00000000f5580000)
  object space 108032K, 21% used [0x00000000e0000000,0x00000000e17011f8,0x00000000e6980000)
 Metaspace       used 54808K, capacity 58816K, committed 58968K, reserved 1099776K
  class space    used 7824K, capacity 8471K, committed 8576K, reserved 1048576K
GC Heap History (10 events):
Event: 2.211 GC heap before
{Heap before GC invocations=6 (full 1):
 PSYoungGen      total 125952K, used 125869K [0x00000000f5580000, 0x00000000fe280000, 0x0000000100000000)
  eden space 118784K, 100% used [0x00000000f5580000,0x00000000fc980000,0x00000000fc980000)
  from space 7168K, 98% used [0x00000000fdb80000,0x00000000fe26b590,0x00000000fe280000)
  to   space 10240K, 0% used [0x00000000fce80000,0x00000000fce80000,0x00000000fd880000)
 ParOldGen       total 76288K, used 5598K [0x00000000e0000000, 0x00000000e4a80000, 0x00000000f5580000)
  object space 76288K, 7% used [0x00000000e0000000,0x00000000e0577be0,0x00000000e4a80000)
 Metaspace       used 29197K, capacity 31372K, committed 31488K, reserved 1077248K
  class space    used 3932K, capacity 4322K, committed 4352K, reserved 1048576K
Event: 2.217 GC heap after
Heap after GC invocations=6 (full 1):
 PSYoungGen      total 134144K, used 8885K [0x00000000f5580000, 0x0000000100000000, 0x0000000100000000)
  eden space 123904K, 0% used [0x00000000f5580000,0x00000000f5580000,0x00000000fce80000)
  from space 10240K, 86% used [0x00000000fce80000,0x00000000fd72d790,0x00000000fd880000)
  to   space 10752K, 0% used [0x00000000ff580000,0x00000000ff580000,0x0000000100000000)
 ParOldGen       total 76288K, used 5606K [0x00000000e0000000, 0x00000000e4a80000, 0x00000000f5580000)
  object space 76288K, 7% used [0x00000000e0000000,0x00000000e0579be0,0x00000000e4a80000)
 Metaspace       used 29197K, capacity 31372K, committed 31488K, reserved 1077248K
  class space    used 3932K, capacity 4322K, committed 4352K, reserved 1048576K
}
Event: 2.642 GC heap before
{Heap before GC invocations=7 (full 1):
 PSYoungGen      total 134144K, used 75448K [0x00000000f5580000, 0x0000000100000000, 0x0000000100000000)
  eden space 123904K, 53% used [0x00000000f5580000,0x00000000f9680b18,0x00000000fce80000)
  from space 10240K, 86% used [0x00000000fce80000,0x00000000fd72d790,0x00000000fd880000)
  to   space 10752K, 0% used [0x00000000ff580000,0x00000000ff580000,0x0000000100000000)
 ParOldGen       total 76288K, used 5606K [0x00000000e0000000, 0x00000000e4a80000, 0x00000000f5580000)
  object space 76288K, 7% used [0x00000000e0000000,0x00000000e0579be0,0x00000000e4a80000)
 Metaspace       used 32843K, capacity 35292K, committed 35416K, reserved 1079296K
  class space    used 4467K, capacity 4906K, committed 4992K, reserved 1048576K
Event: 2.648 GC heap after
Heap after GC invocations=7 (full 1):
 PSYoungGen      total 163840K, used 8641K [0x00000000f5580000, 0x0000000100000000, 0x0000000100000000)
  eden space 153088K, 0% used [0x00000000f5580000,0x00000000f5580000,0x00000000feb00000)
  from space 10752K, 80% used [0x00000000ff580000,0x00000000ffdf04a8,0x0000000100000000)
  to   space 10752K, 0% used [0x00000000feb00000,0x00000000feb00000,0x00000000ff580000)
 ParOldGen       total 76288K, used 5614K [0x00000000e0000000, 0x00000000e4a80000, 0x00000000f5580000)
  object space 76288K, 7% used [0x00000000e0000000,0x00000000e057bbe0,0x00000000e4a80000)
 Metaspace       used 32843K, capacity 35292K, committed 35416K, reserved 1079296K
  class space    used 4467K, capacity 4906K, committed 4992K, reserved 1048576K
}
Event: 2.648 GC heap before
{Heap before GC invocations=8 (full 2):
 PSYoungGen      total 163840K, used 8641K [0x00000000f5580000, 0x0000000100000000, 0x0000000100000000)
  eden space 153088K, 0% used [0x00000000f5580000,0x00000000f5580000,0x00000000feb00000)
  from space 10752K, 80% used [0x00000000ff580000,0x00000000ffdf04a8,0x0000000100000000)
  to   space 10752K, 0% used [0x00000000feb00000,0x00000000feb00000,0x00000000ff580000)
 ParOldGen       total 76288K, used 5614K [0x00000000e0000000, 0x00000000e4a80000, 0x00000000f5580000)
  object space 76288K, 7% used [0x00000000e0000000,0x00000000e057bbe0,0x00000000e4a80000)
 Metaspace       used 32843K, capacity 35292K, committed 35416K, reserved 1079296K
  class space    used 4467K, capacity 4906K, committed 4992K, reserved 1048576K
Event: 2.694 GC heap after
Heap after GC invocations=8 (full 2):
 PSYoungGen      total 163840K, used 0K [0x00000000f5580000, 0x0000000100000000, 0x0000000100000000)
  eden space 153088K, 0% used [0x00000000f5580000,0x00000000f5580000,0x00000000feb00000)
  from space 10752K, 0% used [0x00000000ff580000,0x00000000ff580000,0x0000000100000000)
  to   space 10752K, 0% used [0x00000000feb00000,0x00000000feb00000,0x00000000ff580000)
 ParOldGen       total 108032K, used 13452K [0x00000000e0000000, 0x00000000e6980000, 0x00000000f5580000)
  object space 108032K, 12% used [0x00000000e0000000,0x00000000e0d23350,0x00000000e6980000)
 Metaspace       used 32843K, capacity 35292K, committed 35416K, reserved 1079296K
  class space    used 4467K, capacity 4906K, committed 4992K, reserved 1048576K
}
Event: 3.793 GC heap before
{Heap before GC invocations=9 (full 2):
 PSYoungGen      total 163840K, used 153088K [0x00000000f5580000, 0x0000000100000000, 0x0000000100000000)
  eden space 153088K, 100% used [0x00000000f5580000,0x00000000feb00000,0x00000000feb00000)
  from space 10752K, 0% used [0x00000000ff580000,0x00000000ff580000,0x0000000100000000)
  to   space 10752K, 0% used [0x00000000feb00000,0x00000000feb00000,0x00000000ff580000)
 ParOldGen       total 108032K, used 13452K [0x00000000e0000000, 0x00000000e6980000, 0x00000000f5580000)
  object space 108032K, 12% used [0x00000000e0000000,0x00000000e0d23350,0x00000000e6980000)
 Metaspace       used 47968K, capacity 50816K, committed 51160K, reserved 1093632K
  class space    used 6834K, capacity 7331K, committed 7424K, reserved 1048576K
Event: 3.803 GC heap after
Heap after GC invocations=9 (full 2):
 PSYoungGen      total 163840K, used 10721K [0x00000000f5580000, 0x0000000100000000, 0x0000000100000000)
  eden space 153088K, 0% used [0x00000000f5580000,0x00000000f5580000,0x00000000feb00000)
  from space 10752K, 99% used [0x00000000feb00000,0x00000000ff5785d8,0x00000000ff580000)
  to   space 10752K, 0% used [0x00000000ff580000,0x00000000ff580000,0x0000000100000000)
 ParOldGen       total 108032K, used 19264K [0x00000000e0000000, 0x00000000e6980000, 0x00000000f5580000)
  object space 108032K, 17% used [0x00000000e0000000,0x00000000e12d0360,0x00000000e6980000)
 Metaspace       used 47968K, capacity 50816K, committed 51160K, reserved 1093632K
  class space    used 6834K, capacity 7331K, committed 7424K, reserved 1048576K
}
Event: 4.689 GC heap before
{Heap before GC invocations=10 (full 2):
 PSYoungGen      total 163840K, used 163809K [0x00000000f5580000, 0x0000000100000000, 0x0000000100000000)
  eden space 153088K, 100% used [0x00000000f5580000,0x00000000feb00000,0x00000000feb00000)
  from space 10752K, 99% used [0x00000000feb00000,0x00000000ff5785d8,0x00000000ff580000)
  to   space 10752K, 0% used [0x00000000ff580000,0x00000000ff580000,0x0000000100000000)
 ParOldGen       total 108032K, used 19264K [0x00000000e0000000, 0x00000000e6980000, 0x00000000f5580000)
  object space 108032K, 17% used [0x00000000e0000000,0x00000000e12d0360,0x00000000e6980000)
 Metaspace       used 54566K, capacity 58572K, committed 58840K, reserved 1099776K
  class space    used 7789K, capacity 8435K, committed 8448K, reserved 1048576K
Event: 4.702 GC heap after
Heap after GC invocations=10 (full 2):
 PSYoungGen      total 152576K, used 10745K [0x00000000f5580000, 0x0000000100000000, 0x0000000100000000)
  eden space 141824K, 0% used [0x00000000f5580000,0x00000000f5580000,0x00000000fe000000)
  from space 10752K, 99% used [0x00000000ff580000,0x00000000ffffe4c0,0x0000000100000000)
  to   space 16384K, 0% used [0x00000000fe000000,0x00000000fe000000,0x00000000ff000000)
 ParOldGen       total 108032K, used 23556K [0x00000000e0000000, 0x00000000e6980000, 0x00000000f5580000)
  object space 108032K, 21% used [0x00000000e0000000,0x00000000e17011f8,0x00000000e6980000)
 Metaspace       used 54566K, capacity 58572K, committed 58840K, reserved 1099776K
  class space    used 7789K, capacity 8435K, committed 8448K, reserved 1048576K
}

