# JRE version: Java(TM) SE Runtime Environment (8.0_291-b10) (build 1.8.0_291-b10)
# Java VM: Java HotSpot(TM) 64-Bit Server VM (25.291-b10 mixed mode windows-amd64 compressed oops)
Heap:
 PSYoungGen      total 309248K, used 11503K [0x000000076e000000, 0x0000000785080000, 0x00000007c0000000)
  eden space 300032K, 3% used [0x000000076e000000,0x000000076eb3bcc8,0x0000000780500000)
  from space 9216K, 0% used [0x0000000780500000,0x0000000780500000,0x0000000780e00000)
  to   space 10240K, 0% used [0x0000000784680000,0x0000000784680000,0x0000000785080000)
 ParOldGen       total 211968K, used 20183K [0x00000006ca000000, 0x00000006d6f00000, 0x000000076e000000)
  object space 211968K, 9% used [0x00000006ca000000,0x00000006cb3b5ee8,0x00000006d6f00000)
 Metaspace       used 55612K, capacity 59080K, committed 59224K, reserved 1099776K
  class space    used 7702K, capacity 8279K, committed 8320K, reserved 1048576K
GC Heap History (10 events):
Event: 2.513 GC heap before
{Heap before GC invocations=8 (full 1):
 PSYoungGen      total 202240K, used 173434K [0x000000076e000000, 0x000000077e380000, 0x00000007c0000000)
  eden space 198144K, 85% used [0x000000076e000000,0x00000007785d1880,0x000000077a180000)
  from space 4096K, 88% used [0x000000077df80000,0x000000077e30d040,0x000000077e380000)
  to   space 7680K, 0% used [0x000000077d480000,0x000000077d480000,0x000000077dc00000)
 ParOldGen       total 95232K, used 6466K [0x00000006ca000000, 0x00000006cfd00000, 0x000000076e000000)
  object space 95232K, 6% used [0x00000006ca000000,0x00000006ca6509b8,0x00000006cfd00000)
 Metaspace       used 33134K, capacity 35342K, committed 35416K, reserved 1079296K
  class space    used 4263K, capacity 4671K, committed 4736K, reserved 1048576K
Event: 2.521 GC heap after
Heap after GC invocations=8 (full 1):
 PSYoungGen      total 258048K, used 7516K [0x000000076e000000, 0x0000000781680000, 0x00000007c0000000)
  eden space 250368K, 0% used [0x000000076e000000,0x000000076e000000,0x000000077d480000)
  from space 7680K, 97% used [0x000000077d480000,0x000000077dbd70b8,0x000000077dc00000)
  to   space 8704K, 0% used [0x0000000780e00000,0x0000000780e00000,0x0000000781680000)
 ParOldGen       total 95232K, used 6474K [0x00000006ca000000, 0x00000006cfd00000, 0x000000076e000000)
  object space 95232K, 6% used [0x00000006ca000000,0x00000006ca6529b8,0x00000006cfd00000)
 Metaspace       used 33134K, capacity 35342K, committed 35416K, reserved 1079296K
  class space    used 4263K, capacity 4671K, committed 4736K, reserved 1048576K
}
Event: 2.521 GC heap before
{Heap before GC invocations=9 (full 2):
 PSYoungGen      total 258048K, used 7516K [0x000000076e000000, 0x0000000781680000, 0x00000007c0000000)
  eden space 250368K, 0% used [0x000000076e000000,0x000000076e000000,0x000000077d480000)
  from space 7680K, 97% used [0x000000077d480000,0x000000077dbd70b8,0x000000077dc00000)
  to   space 8704K, 0% used [0x0000000780e00000,0x0000000780e00000,0x0000000781680000)
 ParOldGen       total 95232K, used 6474K [0x00000006ca000000, 0x00000006cfd00000, 0x000000076e000000)
  object space 95232K, 6% used [0x00000006ca000000,0x00000006ca6529b8,0x00000006cfd00000)
 Metaspace       used 33134K, capacity 35342K, committed 35416K, reserved 1079296K
  class space    used 4263K, capacity 4671K, committed 4736K, reserved 1048576K
Event: 2.569 GC heap after
Heap after GC invocations=9 (full 2):
 PSYoungGen      total 258048K, used 0K [0x000000076e000000, 0x0000000781680000, 0x00000007c0000000)
  eden space 250368K, 0% used [0x000000076e000000,0x000000076e000000,0x000000077d480000)
  from space 7680K, 0% used [0x000000077d480000,0x000000077d480000,0x000000077dc00000)
  to   space 8704K, 0% used [0x0000000780e00000,0x0000000780e00000,0x0000000781680000)
 ParOldGen       total 153088K, used 12771K [0x00000006ca000000, 0x00000006d3580000, 0x000000076e000000)
  object space 153088K, 8% used [0x00000006ca000000,0x00000006cac78ca0,0x00000006d3580000)
 Metaspace       used 33134K, capacity 35342K, committed 35416K, reserved 1079296K
  class space    used 4263K, capacity 4671K, committed 4736K, reserved 1048576K
}
Event: 3.707 GC heap before
{Heap before GC invocations=10 (full 2):
 PSYoungGen      total 258048K, used 250368K [0x000000076e000000, 0x0000000781680000, 0x00000007c0000000)
  eden space 250368K, 100% used [0x000000076e000000,0x000000077d480000,0x000000077d480000)
  from space 7680K, 0% used [0x000000077d480000,0x000000077d480000,0x000000077dc00000)
  to   space 8704K, 0% used [0x0000000780e00000,0x0000000780e00000,0x0000000781680000)
 ParOldGen       total 153088K, used 12771K [0x00000006ca000000, 0x00000006d3580000, 0x000000076e000000)
  object space 153088K, 8% used [0x00000006ca000000,0x00000006cac78ca0,0x00000006d3580000)
 Metaspace       used 49868K, capacity 52684K, committed 52952K, reserved 1095680K
  class space    used 6833K, capacity 7315K, committed 7424K, reserved 1048576K
Event: 3.715 GC heap after
Heap after GC invocations=10 (full 2):
 PSYoungGen      total 308736K, used 6878K [0x000000076e000000, 0x0000000784300000, 0x00000007c0000000)
  eden space 300032K, 0% used [0x000000076e000000,0x000000076e000000,0x0000000780500000)
  from space 8704K, 79% used [0x0000000780e00000,0x00000007814b7990,0x0000000781680000)
  to   space 9216K, 0% used [0x0000000780500000,0x0000000780500000,0x0000000780e00000)
 ParOldGen       total 153088K, used 12779K [0x00000006ca000000, 0x00000006d3580000, 0x000000076e000000)
  object space 153088K, 8% used [0x00000006ca000000,0x00000006cac7aca0,0x00000006d3580000)
 Metaspace       used 49868K, capacity 52684K, committed 52952K, reserved 1095680K
  class space    used 6833K, capacity 7315K, committed 7424K, reserved 1048576K
}
Event: 50.231 GC heap before
{Heap before GC invocations=11 (full 2):
 PSYoungGen      total 308736K, used 129715K [0x000000076e000000, 0x0000000784300000, 0x00000007c0000000)
  eden space 300032K, 40% used [0x000000076e000000,0x00000007757f54f0,0x0000000780500000)
  from space 8704K, 79% used [0x0000000780e00000,0x00000007814b7990,0x0000000781680000)
  to   space 9216K, 0% used [0x0000000780500000,0x0000000780500000,0x0000000780e00000)
 ParOldGen       total 153088K, used 12779K [0x00000006ca000000, 0x00000006d3580000, 0x000000076e000000)
  object space 153088K, 8% used [0x00000006ca000000,0x00000006cac7aca0,0x00000006d3580000)
 Metaspace       used 55388K, capacity 58836K, committed 58968K, reserved 1099776K
  class space    used 7648K, capacity 8241K, committed 8320K, reserved 1048576K
Event: 50.240 GC heap after
Heap after GC invocations=11 (full 2):
 PSYoungGen      total 309248K, used 9185K [0x000000076e000000, 0x0000000785080000, 0x00000007c0000000)
  eden space 300032K, 0% used [0x000000076e000000,0x000000076e000000,0x0000000780500000)
  from space 9216K, 99% used [0x0000000780500000,0x0000000780df8590,0x0000000780e00000)
  to   space 10240K, 0% used [0x0000000784680000,0x0000000784680000,0x0000000785080000)
 ParOldGen       total 153088K, used 13176K [0x00000006ca000000, 0x00000006d3580000, 0x000000076e000000)
  object space 153088K, 8% used [0x00000006ca000000,0x00000006cacde0f0,0x00000006d3580000)
 Metaspace       used 55388K, capacity 58836K, committed 58968K, reserved 1099776K
  class space    used 7648K, capacity 8241K, committed 8320K, reserved 1048576K
}
Event: 50.240 GC heap before
{Heap before GC invocations=12 (full 3):
 PSYoungGen      total 309248K, used 9185K [0x000000076e000000, 0x0000000785080000, 0x00000007c0000000)
  eden space 300032K, 0% used [0x000000076e000000,0x000000076e000000,0x0000000780500000)
  from space 9216K, 99% used [0x0000000780500000,0x0000000780df8590,0x0000000780e00000)
  to   space 10240K, 0% used [0x0000000784680000,0x0000000784680000,0x0000000785080000)
 ParOldGen       total 153088K, used 13176K [0x00000006ca000000, 0x00000006d3580000, 0x000000076e000000)
  object space 153088K, 8% used [0x00000006ca000000,0x00000006cacde0f0,0x00000006d3580000)
 Metaspace       used 55388K, capacity 58836K, committed 58968K, reserved 1099776K
  class space    used 7648K, capacity 8241K, committed 8320K, reserved 1048576K
Event: 50.330 GC heap after
Heap after GC invocations=12 (full 3):
 PSYoungGen      total 309248K, used 0K [0x000000076e000000, 0x0000000785080000, 0x00000007c0000000)
  eden space 300032K, 0% used [0x000000076e000000,0x000000076e000000,0x0000000780500000)
  from space 9216K, 0% used [0x0000000780500000,0x0000000780500000,0x0000000780e00000)
  to   space 10240K, 0% used [0x0000000784680000,0x0000000784680000,0x0000000785080000)
 ParOldGen       total 211968K, used 20183K [0x00000006ca000000, 0x00000006d6f00000, 0x000000076e000000)
  object space 211968K, 9% used [0x00000006ca000000,0x00000006cb3b5ee8,0x00000006d6f00000)
 Metaspace       used 55388K, capacity 58836K, committed 58968K, reserved 1099776K
  class space    used 7648K, capacity 8241K, committed 8320K, reserved 1048576K
}

