# JRE version: Java(TM) SE Runtime Environment (8.0_291-b10) (build 1.8.0_291-b10)
# Java VM: Java HotSpot(TM) 64-Bit Server VM (25.291-b10 mixed mode windows-amd64 compressed oops)
Heap:
 PSYoungGen      total 310784K, used 19065K [0x000000076e000000, 0x0000000786180000, 0x00000007c0000000)
  eden space 301568K, 6% used [0x000000076e000000,0x000000076f29e600,0x0000000780680000)
  from space 9216K, 0% used [0x0000000780680000,0x0000000780680000,0x0000000780f80000)
  to   space 10752K, 0% used [0x0000000785700000,0x0000000785700000,0x0000000786180000)
 ParOldGen       total 152064K, used 21502K [0x00000006ca000000, 0x00000006d3480000, 0x000000076e000000)
  object space 152064K, 14% used [0x00000006ca000000,0x00000006cb4ffb60,0x00000006d3480000)
 Metaspace       used 55775K, capacity 59444K, committed 59608K, reserved 1099776K
  class space    used 7731K, capacity 8355K, committed 8448K, reserved 1048576K
GC Heap History (10 events):
Event: 2.718 GC heap before
{Heap before GC invocations=8 (full 1):
 PSYoungGen      total 202752K, used 174301K [0x000000076e000000, 0x000000077e380000, 0x00000007c0000000)
  eden space 198656K, 85% used [0x000000076e000000,0x00000007786a2460,0x000000077a200000)
  from space 4096K, 89% used [0x000000077df80000,0x000000077e315040,0x000000077e380000)
  to   space 7680K, 0% used [0x000000077d480000,0x000000077d480000,0x000000077dc00000)
 ParOldGen       total 94720K, used 6470K [0x00000006ca000000, 0x00000006cfc80000, 0x000000076e000000)
  object space 94720K, 6% used [0x00000006ca000000,0x00000006ca651968,0x00000006cfc80000)
 Metaspace       used 33076K, capacity 35290K, committed 35416K, reserved 1079296K
  class space    used 4255K, capacity 4673K, committed 4736K, reserved 1048576K
Event: 2.726 GC heap after
Heap after GC invocations=8 (full 1):
 PSYoungGen      total 258048K, used 7605K [0x000000076e000000, 0x0000000781800000, 0x00000007c0000000)
  eden space 250368K, 0% used [0x000000076e000000,0x000000076e000000,0x000000077d480000)
  from space 7680K, 99% used [0x000000077d480000,0x000000077dbed590,0x000000077dc00000)
  to   space 8704K, 0% used [0x0000000780f80000,0x0000000780f80000,0x0000000781800000)
 ParOldGen       total 94720K, used 6478K [0x00000006ca000000, 0x00000006cfc80000, 0x000000076e000000)
  object space 94720K, 6% used [0x00000006ca000000,0x00000006ca653968,0x00000006cfc80000)
 Metaspace       used 33076K, capacity 35290K, committed 35416K, reserved 1079296K
  class space    used 4255K, capacity 4673K, committed 4736K, reserved 1048576K
}
Event: 2.726 GC heap before
{Heap before GC invocations=9 (full 2):
 PSYoungGen      total 258048K, used 7605K [0x000000076e000000, 0x0000000781800000, 0x00000007c0000000)
  eden space 250368K, 0% used [0x000000076e000000,0x000000076e000000,0x000000077d480000)
  from space 7680K, 99% used [0x000000077d480000,0x000000077dbed590,0x000000077dc00000)
  to   space 8704K, 0% used [0x0000000780f80000,0x0000000780f80000,0x0000000781800000)
 ParOldGen       total 94720K, used 6478K [0x00000006ca000000, 0x00000006cfc80000, 0x000000076e000000)
  object space 94720K, 6% used [0x00000006ca000000,0x00000006ca653968,0x00000006cfc80000)
 Metaspace       used 33076K, capacity 35290K, committed 35416K, reserved 1079296K
  class space    used 4255K, capacity 4673K, committed 4736K, reserved 1048576K
Event: 2.776 GC heap after
Heap after GC invocations=9 (full 2):
 PSYoungGen      total 258048K, used 0K [0x000000076e000000, 0x0000000781800000, 0x00000007c0000000)
  eden space 250368K, 0% used [0x000000076e000000,0x000000076e000000,0x000000077d480000)
  from space 7680K, 0% used [0x000000077d480000,0x000000077d480000,0x000000077dc00000)
  to   space 8704K, 0% used [0x0000000780f80000,0x0000000780f80000,0x0000000781800000)
 ParOldGen       total 152064K, used 12850K [0x00000006ca000000, 0x00000006d3480000, 0x000000076e000000)
  object space 152064K, 8% used [0x00000006ca000000,0x00000006cac8c9f0,0x00000006d3480000)
 Metaspace       used 33076K, capacity 35290K, committed 35416K, reserved 1079296K
  class space    used 4255K, capacity 4673K, committed 4736K, reserved 1048576K
}
Event: 4.139 GC heap before
{Heap before GC invocations=10 (full 2):
 PSYoungGen      total 258048K, used 250368K [0x000000076e000000, 0x0000000781800000, 0x00000007c0000000)
  eden space 250368K, 100% used [0x000000076e000000,0x000000077d480000,0x000000077d480000)
  from space 7680K, 0% used [0x000000077d480000,0x000000077d480000,0x000000077dc00000)
  to   space 8704K, 0% used [0x0000000780f80000,0x0000000780f80000,0x0000000781800000)
 ParOldGen       total 152064K, used 12850K [0x00000006ca000000, 0x00000006d3480000, 0x000000076e000000)
  object space 152064K, 8% used [0x00000006ca000000,0x00000006cac8c9f0,0x00000006d3480000)
 Metaspace       used 50465K, capacity 53588K, committed 53848K, reserved 1095680K
  class space    used 6934K, capacity 7483K, committed 7552K, reserved 1048576K
Event: 4.152 GC heap after
Heap after GC invocations=10 (full 2):
 PSYoungGen      total 310272K, used 7214K [0x000000076e000000, 0x0000000784780000, 0x00000007c0000000)
  eden space 301568K, 0% used [0x000000076e000000,0x000000076e000000,0x0000000780680000)
  from space 8704K, 82% used [0x0000000780f80000,0x000000078168b9e0,0x0000000781800000)
  to   space 9216K, 0% used [0x0000000780680000,0x0000000780680000,0x0000000780f80000)
 ParOldGen       total 152064K, used 12858K [0x00000006ca000000, 0x00000006d3480000, 0x000000076e000000)
  object space 152064K, 8% used [0x00000006ca000000,0x00000006cac8e9f0,0x00000006d3480000)
 Metaspace       used 50465K, capacity 53588K, committed 53848K, reserved 1095680K
  class space    used 6934K, capacity 7483K, committed 7552K, reserved 1048576K
}
Event: 4.723 GC heap before
{Heap before GC invocations=11 (full 2):
 PSYoungGen      total 310272K, used 105202K [0x000000076e000000, 0x0000000784780000, 0x00000007c0000000)
  eden space 301568K, 32% used [0x000000076e000000,0x0000000773fb0f30,0x0000000780680000)
  from space 8704K, 82% used [0x0000000780f80000,0x000000078168b9e0,0x0000000781800000)
  to   space 9216K, 0% used [0x0000000780680000,0x0000000780680000,0x0000000780f80000)
 ParOldGen       total 152064K, used 12858K [0x00000006ca000000, 0x00000006d3480000, 0x000000076e000000)
  object space 152064K, 8% used [0x00000006ca000000,0x00000006cac8e9f0,0x00000006d3480000)
 Metaspace       used 55320K, capacity 58868K, committed 58968K, reserved 1099776K
  class space    used 7645K, capacity 8261K, committed 8320K, reserved 1048576K
Event: 4.731 GC heap after
Heap after GC invocations=11 (full 2):
 PSYoungGen      total 310784K, used 9192K [0x000000076e000000, 0x0000000786180000, 0x00000007c0000000)
  eden space 301568K, 0% used [0x000000076e000000,0x000000076e000000,0x0000000780680000)
  from space 9216K, 99% used [0x0000000780680000,0x0000000780f7a170,0x0000000780f80000)
  to   space 10752K, 0% used [0x0000000785700000,0x0000000785700000,0x0000000786180000)
 ParOldGen       total 152064K, used 13593K [0x00000006ca000000, 0x00000006d3480000, 0x000000076e000000)
  object space 152064K, 8% used [0x00000006ca000000,0x00000006cad46690,0x00000006d3480000)
 Metaspace       used 55320K, capacity 58868K, committed 58968K, reserved 1099776K
  class space    used 7645K, capacity 8261K, committed 8320K, reserved 1048576K
}
Event: 4.731 GC heap before
{Heap before GC invocations=12 (full 3):
 PSYoungGen      total 310784K, used 9192K [0x000000076e000000, 0x0000000786180000, 0x00000007c0000000)
  eden space 301568K, 0% used [0x000000076e000000,0x000000076e000000,0x0000000780680000)
  from space 9216K, 99% used [0x0000000780680000,0x0000000780f7a170,0x0000000780f80000)
  to   space 10752K, 0% used [0x0000000785700000,0x0000000785700000,0x0000000786180000)
 ParOldGen       total 152064K, used 13593K [0x00000006ca000000, 0x00000006d3480000, 0x000000076e000000)
  object space 152064K, 8% used [0x00000006ca000000,0x00000006cad46690,0x00000006d3480000)
 Metaspace       used 55320K, capacity 58868K, committed 58968K, reserved 1099776K
  class space    used 7645K, capacity 8261K, committed 8320K, reserved 1048576K
Event: 4.826 GC heap after
Heap after GC invocations=12 (full 3):
 PSYoungGen      total 310784K, used 0K [0x000000076e000000, 0x0000000786180000, 0x00000007c0000000)
  eden space 301568K, 0% used [0x000000076e000000,0x000000076e000000,0x0000000780680000)
  from space 9216K, 0% used [0x0000000780680000,0x0000000780680000,0x0000000780f80000)
  to   space 10752K, 0% used [0x0000000785700000,0x0000000785700000,0x0000000786180000)
 ParOldGen       total 152064K, used 21502K [0x00000006ca000000, 0x00000006d3480000, 0x000000076e000000)
  object space 152064K, 14% used [0x00000006ca000000,0x00000006cb4ffb60,0x00000006d3480000)
 Metaspace       used 55320K, capacity 58868K, committed 58968K, reserved 1099776K
  class space    used 7645K, capacity 8261K, committed 8320K, reserved 1048576K
}

